[35m[1mScanning dependencies of target pcl_msgs_generate_messages_nodejs[0m
[35m[1mScanning dependencies of target actionlib_msgs_generate_messages_cpp[0m
[35m[1mScanning dependencies of target sensor_msgs_generate_messages_eus[0m
[35m[1mScanning dependencies of target actionlib_generate_messages_nodejs[0m
[35m[1mScanning dependencies of target actionlib_generate_messages_lisp[0m
[35m[1mScanning dependencies of target rosgraph_msgs_generate_messages_nodejs[0m
[35m[1mScanning dependencies of target actionlib_msgs_generate_messages_eus[0m
[35m[1mScanning dependencies of target dvs_msgs_generate_messages_nodejs[0m
[35m[1mScanning dependencies of target bond_generate_messages_eus[0m
[35m[1mScanning dependencies of target roscpp_generate_messages_py[0m
[35m[1mScanning dependencies of target std_msgs_generate_messages_nodejs[0m
[35m[1mScanning dependencies of target nodelet_generate_messages_py[0m
[35m[1mScanning dependencies of target sensor_msgs_generate_messages_cpp[0m
[35m[1mScanning dependencies of target roscpp_generate_messages_cpp[0m
[35m[1mScanning dependencies of target dvs_msgs_generate_messages_cpp[0m
[35m[1mScanning dependencies of target topic_tools_generate_messages_lisp[0m
[  0%] Built target actionlib_msgs_generate_messages_cpp
[  0%] Built target pcl_msgs_generate_messages_nodejs
[  0%] Built target actionlib_generate_messages_nodejs
[  0%] Built target sensor_msgs_generate_messages_eus
[  0%] Built target actionlib_generate_messages_lisp
[  0%] Built target rosgraph_msgs_generate_messages_nodejs
[  0%] Built target dvs_msgs_generate_messages_nodejs
[  0%] Built target actionlib_msgs_generate_messages_eus
[  0%] Built target bond_generate_messages_eus
[  0%] Built target roscpp_generate_messages_py
[  0%] Built target nodelet_generate_messages_py
[  0%] Built target roscpp_generate_messages_cpp
[  0%] Built target std_msgs_generate_messages_nodejs
[  0%] Built target sensor_msgs_generate_messages_cpp
[  0%] Built target dvs_msgs_generate_messages_cpp
[  0%] Built target topic_tools_generate_messages_lisp
[35m[1mScanning dependencies of target std_srvs_generate_messages_eus[0m
[35m[1mScanning dependencies of target rosgraph_msgs_generate_messages_eus[0m
[35m[1mScanning dependencies of target tf_generate_messages_cpp[0m
[35m[1mScanning dependencies of target std_msgs_generate_messages_py[0m
[35m[1mScanning dependencies of target dvs_msgs_generate_messages_eus[0m
[35m[1mScanning dependencies of target roscpp_generate_messages_eus[0m
[35m[1mScanning dependencies of target geometry_msgs_generate_messages_eus[0m
[35m[1mScanning dependencies of target geometry_msgs_generate_messages_nodejs[0m
[35m[1mScanning dependencies of target tf_generate_messages_py[0m
[35m[1mScanning dependencies of target rosgraph_msgs_generate_messages_py[0m
[35m[1mScanning dependencies of target actionlib_generate_messages_cpp[0m
[35m[1mScanning dependencies of target roscpp_generate_messages_nodejs[0m
[35m[1mScanning dependencies of target rosgraph_msgs_generate_messages_lisp[0m
[35m[1mScanning dependencies of target sensor_msgs_generate_messages_py[0m
[35m[1mScanning dependencies of target tf_generate_messages_lisp[0m
[35m[1mScanning dependencies of target tf_generate_messages_eus[0m
[  0%] Built target rosgraph_msgs_generate_messages_eus
[  0%] Built target std_msgs_generate_messages_py
[  0%] Built target dvs_msgs_generate_messages_eus
[  0%] Built target roscpp_generate_messages_eus
[  0%] Built target geometry_msgs_generate_messages_eus
[  0%] Built target std_srvs_generate_messages_eus
[  0%] Built target geometry_msgs_generate_messages_nodejs
[  0%] Built target tf_generate_messages_cpp
[  0%] Built target rosgraph_msgs_generate_messages_py
[  0%] Built target tf_generate_messages_py
[  0%] Built target roscpp_generate_messages_nodejs
[  0%] Built target actionlib_generate_messages_cpp
[  0%] Built target rosgraph_msgs_generate_messages_lisp
[  0%] Built target tf_generate_messages_lisp
[  0%] Built target sensor_msgs_generate_messages_py
[  0%] Built target tf_generate_messages_eus
[35m[1mScanning dependencies of target std_srvs_generate_messages_nodejs[0m
[35m[1mScanning dependencies of target bond_generate_messages_py[0m
[35m[1mScanning dependencies of target dynamic_reconfigure_generate_messages_nodejs[0m
[35m[1mScanning dependencies of target geometry_msgs_generate_messages_py[0m
[35m[1mScanning dependencies of target geometry_msgs_generate_messages_lisp[0m
[35m[1mScanning dependencies of target std_srvs_generate_messages_lisp[0m
[35m[1mScanning dependencies of target std_msgs_generate_messages_lisp[0m
[35m[1mScanning dependencies of target sensor_msgs_generate_messages_lisp[0m
[35m[1mScanning dependencies of target rosgraph_msgs_generate_messages_cpp[0m
[35m[1mScanning dependencies of target dvs_msgs_generate_messages_py[0m
[35m[1mScanning dependencies of target std_msgs_generate_messages_eus[0m
[35m[1mScanning dependencies of target tf_generate_messages_nodejs[0m
[35m[1mScanning dependencies of target topic_tools_generate_messages_nodejs[0m
[35m[1mScanning dependencies of target pcl_msgs_generate_messages_eus[0m
[35m[1mScanning dependencies of target std_srvs_generate_messages_py[0m
[35m[1mScanning dependencies of target actionlib_generate_messages_eus[0m
[  0%] Built target std_srvs_generate_messages_nodejs
[  0%] Built target geometry_msgs_generate_messages_lisp
[  0%] Built target dynamic_reconfigure_generate_messages_nodejs
[  0%] Built target bond_generate_messages_py
[  0%] Built target std_msgs_generate_messages_lisp
[  0%] Built target rosgraph_msgs_generate_messages_cpp
[  0%] Built target sensor_msgs_generate_messages_lisp
[  0%] Built target dvs_msgs_generate_messages_py
[  0%] Built target std_srvs_generate_messages_lisp
[  0%] Built target geometry_msgs_generate_messages_py
[  0%] Built target topic_tools_generate_messages_nodejs
[  0%] Built target tf_generate_messages_nodejs
[  0%] Built target std_srvs_generate_messages_py
[  0%] Built target std_msgs_generate_messages_eus
[  0%] Built target pcl_msgs_generate_messages_eus
[  0%] Built target actionlib_generate_messages_eus
[35m[1mScanning dependencies of target sensor_msgs_generate_messages_nodejs[0m
[35m[1mScanning dependencies of target std_msgs_generate_messages_cpp[0m
[35m[1mScanning dependencies of target roscpp_generate_messages_lisp[0m
[35m[1mScanning dependencies of target actionlib_msgs_generate_messages_lisp[0m
[35m[1mScanning dependencies of target geometry_msgs_generate_messages_cpp[0m
[35m[1mScanning dependencies of target actionlib_msgs_generate_messages_nodejs[0m
[35m[1mScanning dependencies of target tf2_msgs_generate_messages_cpp[0m
[35m[1mScanning dependencies of target tf2_msgs_generate_messages_eus[0m
[35m[1mScanning dependencies of target tf2_msgs_generate_messages_py[0m
[35m[1mScanning dependencies of target nodelet_generate_messages_cpp[0m
[35m[1mScanning dependencies of target topic_tools_generate_messages_py[0m
[35m[1mScanning dependencies of target actionlib_msgs_generate_messages_py[0m
[35m[1mScanning dependencies of target pcl_ros_gencfg[0m
[35m[1mScanning dependencies of target dvs_msgs_generate_messages_lisp[0m
[35m[1mScanning dependencies of target tf2_msgs_generate_messages_nodejs[0m
[  0%] Built target roscpp_generate_messages_lisp
[35m[1mScanning dependencies of target tf2_msgs_generate_messages_lisp[0m
[  0%] Built target sensor_msgs_generate_messages_nodejs
[  0%] Built target std_msgs_generate_messages_cpp
[35m[1mScanning dependencies of target dynamic_reconfigure_generate_messages_lisp[0m
[35m[1mScanning dependencies of target actionlib_generate_messages_py[0m
[35m[1mScanning dependencies of target dynamic_reconfigure_generate_messages_cpp[0m
[  0%] Built target geometry_msgs_generate_messages_cpp
[  0%] Built target topic_tools_generate_messages_py
[  0%] Built target tf2_msgs_generate_messages_py
[  0%] Built target actionlib_msgs_generate_messages_lisp
[  0%] Built target actionlib_msgs_generate_messages_nodejs
[  0%] Built target dvs_msgs_generate_messages_lisp
[  0%] Built target tf2_msgs_generate_messages_cpp
[  0%] Built target pcl_ros_gencfg
[  0%] Built target tf2_msgs_generate_messages_eus
[  0%] Built target tf2_msgs_generate_messages_nodejs
[  0%] Built target tf2_msgs_generate_messages_lisp
[  0%] Built target actionlib_msgs_generate_messages_py
[  0%] Built target dynamic_reconfigure_generate_messages_cpp
[  0%] Built target nodelet_generate_messages_cpp
[  0%] Built target dynamic_reconfigure_generate_messages_lisp
[  0%] Built target actionlib_generate_messages_py
[35m[1mScanning dependencies of target dynamic_reconfigure_generate_messages_py[0m
[35m[1mScanning dependencies of target dynamic_reconfigure_gencfg[0m
[35m[1mScanning dependencies of target nodelet_generate_messages_lisp[0m
[35m[1mScanning dependencies of target nodelet_generate_messages_nodejs[0m
[35m[1mScanning dependencies of target bond_generate_messages_lisp[0m
[35m[1mScanning dependencies of target nodelet_generate_messages_eus[0m
[35m[1mScanning dependencies of target bond_generate_messages_cpp[0m
[35m[1mScanning dependencies of target topic_tools_generate_messages_cpp[0m
[35m[1mScanning dependencies of target topic_tools_generate_messages_eus[0m
[35m[1mScanning dependencies of target nodelet_topic_tools_gencfg[0m
[35m[1mScanning dependencies of target pcl_msgs_generate_messages_lisp[0m
[35m[1mScanning dependencies of target pcl_msgs_generate_messages_cpp[0m
[35m[1mScanning dependencies of target bond_generate_messages_nodejs[0m
[35m[1mScanning dependencies of target dynamic_reconfigure_generate_messages_eus[0m
[35m[1mScanning dependencies of target pcl_msgs_generate_messages_py[0m
[  0%] Built target dynamic_reconfigure_generate_messages_py
[35m[1mScanning dependencies of target std_srvs_generate_messages_cpp[0m
[  0%] Built target dynamic_reconfigure_gencfg
[  0%] Built target nodelet_generate_messages_lisp
[  0%] Built target bond_generate_messages_lisp
[  0%] Built target nodelet_generate_messages_nodejs
[  0%] Built target nodelet_generate_messages_eus
[  0%] Built target bond_generate_messages_cpp
[  0%] Built target nodelet_topic_tools_gencfg
[  0%] Built target topic_tools_generate_messages_cpp
[  0%] Built target topic_tools_generate_messages_eus
[  0%] Built target bond_generate_messages_nodejs
[  0%] Built target pcl_msgs_generate_messages_lisp
[  0%] Built target pcl_msgs_generate_messages_cpp
[  0%] Built target pcl_msgs_generate_messages_py
[  0%] Built target std_srvs_generate_messages_cpp
[  0%] Built target dynamic_reconfigure_generate_messages_eus
[35m[1mScanning dependencies of target esvo_core_gencfg[0m
[  4%] [34m[1mGenerating dynamic reconfigure files from cfg/DVS_MappingStereo.cfg: /home/jing/catkin_ws/devel/include/esvo_core/DVS_MappingStereoConfig.h /home/jing/catkin_ws/devel/lib/python2.7/dist-packages/esvo_core/cfg/DVS_MappingStereoConfig.py[0m
Generating reconfiguration files for DVS_MappingStereo in esvo_core
Wrote header file in /home/jing/catkin_ws/devel/include/esvo_core/DVS_MappingStereoConfig.h
[  4%] Built target esvo_core_gencfg
[35m[1mScanning dependencies of target esvo_core_LIB[0m
[  8%] [32mBuilding CXX object CMakeFiles/esvo_core_LIB.dir/src/core/DepthFusion.cpp.o[0m
[ 12%] [32mBuilding CXX object CMakeFiles/esvo_core_LIB.dir/src/core/DepthRegularization.cpp.o[0m
[ 16%] [32mBuilding CXX object CMakeFiles/esvo_core_LIB.dir/src/core/DepthProblem.cpp.o[0m
[ 20%] [32mBuilding CXX object CMakeFiles/esvo_core_LIB.dir/src/core/DepthProblemSolver.cpp.o[0m
[ 24%] [32mBuilding CXX object CMakeFiles/esvo_core_LIB.dir/src/core/EventBM.cpp.o[0m
[ 28%] [32mBuilding CXX object CMakeFiles/esvo_core_LIB.dir/src/core/RegProblemLM.cpp.o[0m
[ 32%] [32mBuilding CXX object CMakeFiles/esvo_core_LIB.dir/src/core/RegProblemSolverLM.cpp.o[0m
[ 36%] [32mBuilding CXX object CMakeFiles/esvo_core_LIB.dir/src/core/EventMatcher.cpp.o[0m
[ 40%] [32mBuilding CXX object CMakeFiles/esvo_core_LIB.dir/src/container/CameraSystem.cpp.o[0m
[ 44%] [32mBuilding CXX object CMakeFiles/esvo_core_LIB.dir/src/container/DepthPoint.cpp.o[0m
[ 48%] [32mBuilding CXX object CMakeFiles/esvo_core_LIB.dir/src/container/ResidualItem.cpp.o[0m
[ 52%] [32mBuilding CXX object CMakeFiles/esvo_core_LIB.dir/src/tools/Visualization.cpp.o[0m
[ 56%] [32mBuilding CXX object CMakeFiles/esvo_core_LIB.dir/src/tools/sobel.cpp.o[0m
[ 60%] [32mBuilding CXX object CMakeFiles/esvo_core_LIB.dir/src/tools/cayley.cpp.o[0m
[ 64%] [32m[1mLinking CXX shared library /home/jing/catkin_ws/devel/lib/libesvo_core_LIB.so[0m
[ 64%] Built target esvo_core_LIB
[35m[1mScanning dependencies of target esvo_Mapping[0m
[35m[1mScanning dependencies of target esvo_Tracking[0m
[35m[1mScanning dependencies of target esvo_MVStereo[0m
[ 68%] [32mBuilding CXX object CMakeFiles/esvo_MVStereo.dir/src/esvo_MVStereoNode.cpp.o[0m
[ 72%] [32mBuilding CXX object CMakeFiles/esvo_MVStereo.dir/src/esvo_MVStereo.cpp.o[0m
[ 76%] [32mBuilding CXX object CMakeFiles/esvo_Tracking.dir/src/esvo_TrackingNode.cpp.o[0m
[ 80%] [32mBuilding CXX object CMakeFiles/esvo_Tracking.dir/src/esvo_Tracking.cpp.o[0m
[ 84%] [32mBuilding CXX object CMakeFiles/esvo_Mapping.dir/src/esvo_MappingNode.cpp.o[0m
[ 88%] [32mBuilding CXX object CMakeFiles/esvo_Mapping.dir/src/esvo_Mapping.cpp.o[0m
[ 92%] [32m[1mLinking CXX executable /home/jing/catkin_ws/devel/lib/esvo_core/esvo_Tracking[0m
[ 92%] Built target esvo_Tracking
[ 96%] [32m[1mLinking CXX executable /home/jing/catkin_ws/devel/lib/esvo_core/esvo_MVStereo[0m
[ 96%] Built target esvo_MVStereo
[100%] [32m[1mLinking CXX executable /home/jing/catkin_ws/devel/lib/esvo_core/esvo_Mapping[0m
[100%] Built target esvo_Mapping
