Determining if the pthread_create exist failed with the following output:
Change Dir: /home/jing/catkin_ws/build/esvo_time_surface/CMakeFiles/CMakeTmp

Run Build Command:"/usr/bin/make" "cmTC_9a4a6/fast"
/usr/bin/make -f CMakeFiles/cmTC_9a4a6.dir/build.make CMakeFiles/cmTC_9a4a6.dir/build
make[1]: Entering directory '/home/jing/catkin_ws/build/esvo_time_surface/CMakeFiles/CMakeTmp'
Building C object CMakeFiles/cmTC_9a4a6.dir/CheckSymbolExists.c.o
/usr/bin/cc    -o CMakeFiles/cmTC_9a4a6.dir/CheckSymbolExists.c.o   -c /home/jing/catkin_ws/build/esvo_time_surface/CMakeFiles/CMakeTmp/CheckSymbolExists.c
Linking C executable cmTC_9a4a6
/opt/cmake-3.10.0-Linux-x86_64/bin/cmake -E cmake_link_script CMakeFiles/cmTC_9a4a6.dir/link.txt --verbose=1
/usr/bin/cc      -rdynamic CMakeFiles/cmTC_9a4a6.dir/CheckSymbolExists.c.o  -o cmTC_9a4a6 
CMakeFiles/cmTC_9a4a6.dir/CheckSymbolExists.c.o: In function `main':
CheckSymbolExists.c:(.text+0x16): undefined reference to `pthread_create'
collect2: error: ld returned 1 exit status
CMakeFiles/cmTC_9a4a6.dir/build.make:97: recipe for target 'cmTC_9a4a6' failed
make[1]: *** [cmTC_9a4a6] Error 1
make[1]: Leaving directory '/home/jing/catkin_ws/build/esvo_time_surface/CMakeFiles/CMakeTmp'
Makefile:126: recipe for target 'cmTC_9a4a6/fast' failed
make: *** [cmTC_9a4a6/fast] Error 2

File /home/jing/catkin_ws/build/esvo_time_surface/CMakeFiles/CMakeTmp/CheckSymbolExists.c:
/* */
#include <pthread.h>

int main(int argc, char** argv)
{
  (void)argv;
#ifndef pthread_create
  return ((int*)(&pthread_create))[argc];
#else
  (void)argc;
  return 0;
#endif
}

Determining if the function pthread_create exists in the pthreads failed with the following output:
Change Dir: /home/jing/catkin_ws/build/esvo_time_surface/CMakeFiles/CMakeTmp

Run Build Command:"/usr/bin/make" "cmTC_89a2d/fast"
/usr/bin/make -f CMakeFiles/cmTC_89a2d.dir/build.make CMakeFiles/cmTC_89a2d.dir/build
make[1]: Entering directory '/home/jing/catkin_ws/build/esvo_time_surface/CMakeFiles/CMakeTmp'
Building C object CMakeFiles/cmTC_89a2d.dir/CheckFunctionExists.c.o
/usr/bin/cc   -DCHECK_FUNCTION_EXISTS=pthread_create   -o CMakeFiles/cmTC_89a2d.dir/CheckFunctionExists.c.o   -c /opt/cmake-3.10.0-Linux-x86_64/share/cmake-3.10/Modules/CheckFunctionExists.c
Linking C executable cmTC_89a2d
/opt/cmake-3.10.0-Linux-x86_64/bin/cmake -E cmake_link_script CMakeFiles/cmTC_89a2d.dir/link.txt --verbose=1
/usr/bin/cc  -DCHECK_FUNCTION_EXISTS=pthread_create    -rdynamic CMakeFiles/cmTC_89a2d.dir/CheckFunctionExists.c.o  -o cmTC_89a2d -lpthreads 
/usr/bin/ld: cannot find -lpthreads
collect2: error: ld returned 1 exit status
CMakeFiles/cmTC_89a2d.dir/build.make:97: recipe for target 'cmTC_89a2d' failed
make[1]: *** [cmTC_89a2d] Error 1
make[1]: Leaving directory '/home/jing/catkin_ws/build/esvo_time_surface/CMakeFiles/CMakeTmp'
Makefile:126: recipe for target 'cmTC_89a2d/fast' failed
make: *** [cmTC_89a2d/fast] Error 2


