Determining if the pthread_create exist failed with the following output:
Change Dir: /home/jing/catkin_ws/build/dvs_ros_driver/CMakeFiles/CMakeTmp

Run Build Command:"/usr/bin/make" "cmTC_6cfe1/fast"
/usr/bin/make -f CMakeFiles/cmTC_6cfe1.dir/build.make CMakeFiles/cmTC_6cfe1.dir/build
make[1]: Entering directory '/home/jing/catkin_ws/build/dvs_ros_driver/CMakeFiles/CMakeTmp'
Building C object CMakeFiles/cmTC_6cfe1.dir/CheckSymbolExists.c.o
/usr/bin/cc    -o CMakeFiles/cmTC_6cfe1.dir/CheckSymbolExists.c.o   -c /home/jing/catkin_ws/build/dvs_ros_driver/CMakeFiles/CMakeTmp/CheckSymbolExists.c
Linking C executable cmTC_6cfe1
/opt/cmake-3.10.0-Linux-x86_64/bin/cmake -E cmake_link_script CMakeFiles/cmTC_6cfe1.dir/link.txt --verbose=1
/usr/bin/cc      -rdynamic CMakeFiles/cmTC_6cfe1.dir/CheckSymbolExists.c.o  -o cmTC_6cfe1 
CMakeFiles/cmTC_6cfe1.dir/CheckSymbolExists.c.o: In function `main':
CheckSymbolExists.c:(.text+0x16): undefined reference to `pthread_create'
collect2: error: ld returned 1 exit status
CMakeFiles/cmTC_6cfe1.dir/build.make:97: recipe for target 'cmTC_6cfe1' failed
make[1]: *** [cmTC_6cfe1] Error 1
make[1]: Leaving directory '/home/jing/catkin_ws/build/dvs_ros_driver/CMakeFiles/CMakeTmp'
Makefile:126: recipe for target 'cmTC_6cfe1/fast' failed
make: *** [cmTC_6cfe1/fast] Error 2

File /home/jing/catkin_ws/build/dvs_ros_driver/CMakeFiles/CMakeTmp/CheckSymbolExists.c:
/* */
#include <pthread.h>

int main(int argc, char** argv)
{
  (void)argv;
#ifndef pthread_create
  return ((int*)(&pthread_create))[argc];
#else
  (void)argc;
  return 0;
#endif
}

Determining if the function pthread_create exists in the pthreads failed with the following output:
Change Dir: /home/jing/catkin_ws/build/dvs_ros_driver/CMakeFiles/CMakeTmp

Run Build Command:"/usr/bin/make" "cmTC_88a35/fast"
/usr/bin/make -f CMakeFiles/cmTC_88a35.dir/build.make CMakeFiles/cmTC_88a35.dir/build
make[1]: Entering directory '/home/jing/catkin_ws/build/dvs_ros_driver/CMakeFiles/CMakeTmp'
Building C object CMakeFiles/cmTC_88a35.dir/CheckFunctionExists.c.o
/usr/bin/cc   -DCHECK_FUNCTION_EXISTS=pthread_create   -o CMakeFiles/cmTC_88a35.dir/CheckFunctionExists.c.o   -c /opt/cmake-3.10.0-Linux-x86_64/share/cmake-3.10/Modules/CheckFunctionExists.c
Linking C executable cmTC_88a35
/opt/cmake-3.10.0-Linux-x86_64/bin/cmake -E cmake_link_script CMakeFiles/cmTC_88a35.dir/link.txt --verbose=1
/usr/bin/cc  -DCHECK_FUNCTION_EXISTS=pthread_create    -rdynamic CMakeFiles/cmTC_88a35.dir/CheckFunctionExists.c.o  -o cmTC_88a35 -lpthreads 
/usr/bin/ld: cannot find -lpthreads
collect2: error: ld returned 1 exit status
CMakeFiles/cmTC_88a35.dir/build.make:97: recipe for target 'cmTC_88a35' failed
make[1]: *** [cmTC_88a35] Error 1
make[1]: Leaving directory '/home/jing/catkin_ws/build/dvs_ros_driver/CMakeFiles/CMakeTmp'
Makefile:126: recipe for target 'cmTC_88a35/fast' failed
make: *** [cmTC_88a35/fast] Error 2


