Determining if the pthread_create exist failed with the following output:
Change Dir: /home/jing/catkin_ws/build/gflags_catkin/CMakeFiles/CMakeTmp

Run Build Command:"/usr/bin/make" "cmTC_033a2/fast"
/usr/bin/make -f CMakeFiles/cmTC_033a2.dir/build.make CMakeFiles/cmTC_033a2.dir/build
make[1]: Entering directory '/home/jing/catkin_ws/build/gflags_catkin/CMakeFiles/CMakeTmp'
Building C object CMakeFiles/cmTC_033a2.dir/CheckSymbolExists.c.o
/usr/bin/cc    -o CMakeFiles/cmTC_033a2.dir/CheckSymbolExists.c.o   -c /home/jing/catkin_ws/build/gflags_catkin/CMakeFiles/CMakeTmp/CheckSymbolExists.c
Linking C executable cmTC_033a2
/opt/cmake-3.10.0-Linux-x86_64/bin/cmake -E cmake_link_script CMakeFiles/cmTC_033a2.dir/link.txt --verbose=1
/usr/bin/cc      -rdynamic CMakeFiles/cmTC_033a2.dir/CheckSymbolExists.c.o  -o cmTC_033a2 
CMakeFiles/cmTC_033a2.dir/CheckSymbolExists.c.o: In function `main':
CheckSymbolExists.c:(.text+0x16): undefined reference to `pthread_create'
collect2: error: ld returned 1 exit status
CMakeFiles/cmTC_033a2.dir/build.make:97: recipe for target 'cmTC_033a2' failed
make[1]: *** [cmTC_033a2] Error 1
make[1]: Leaving directory '/home/jing/catkin_ws/build/gflags_catkin/CMakeFiles/CMakeTmp'
Makefile:126: recipe for target 'cmTC_033a2/fast' failed
make: *** [cmTC_033a2/fast] Error 2

File /home/jing/catkin_ws/build/gflags_catkin/CMakeFiles/CMakeTmp/CheckSymbolExists.c:
/* */
#include <pthread.h>

int main(int argc, char** argv)
{
  (void)argv;
#ifndef pthread_create
  return ((int*)(&pthread_create))[argc];
#else
  (void)argc;
  return 0;
#endif
}

Determining if the function pthread_create exists in the pthreads failed with the following output:
Change Dir: /home/jing/catkin_ws/build/gflags_catkin/CMakeFiles/CMakeTmp

Run Build Command:"/usr/bin/make" "cmTC_ddfe4/fast"
/usr/bin/make -f CMakeFiles/cmTC_ddfe4.dir/build.make CMakeFiles/cmTC_ddfe4.dir/build
make[1]: Entering directory '/home/jing/catkin_ws/build/gflags_catkin/CMakeFiles/CMakeTmp'
Building C object CMakeFiles/cmTC_ddfe4.dir/CheckFunctionExists.c.o
/usr/bin/cc   -DCHECK_FUNCTION_EXISTS=pthread_create   -o CMakeFiles/cmTC_ddfe4.dir/CheckFunctionExists.c.o   -c /opt/cmake-3.10.0-Linux-x86_64/share/cmake-3.10/Modules/CheckFunctionExists.c
Linking C executable cmTC_ddfe4
/opt/cmake-3.10.0-Linux-x86_64/bin/cmake -E cmake_link_script CMakeFiles/cmTC_ddfe4.dir/link.txt --verbose=1
/usr/bin/cc  -DCHECK_FUNCTION_EXISTS=pthread_create    -rdynamic CMakeFiles/cmTC_ddfe4.dir/CheckFunctionExists.c.o  -o cmTC_ddfe4 -lpthreads 
/usr/bin/ld: cannot find -lpthreads
collect2: error: ld returned 1 exit status
CMakeFiles/cmTC_ddfe4.dir/build.make:97: recipe for target 'cmTC_ddfe4' failed
make[1]: *** [cmTC_ddfe4] Error 1
make[1]: Leaving directory '/home/jing/catkin_ws/build/gflags_catkin/CMakeFiles/CMakeTmp'
Makefile:126: recipe for target 'cmTC_ddfe4/fast' failed
make: *** [cmTC_ddfe4/fast] Error 2


