Determining if the pthread_create exist failed with the following output:
Change Dir: /home/jing/catkin_ws/build/eigen_catkin/CMakeFiles/CMakeTmp

Run Build Command:"/usr/bin/make" "cmTC_e14e3/fast"
/usr/bin/make -f CMakeFiles/cmTC_e14e3.dir/build.make CMakeFiles/cmTC_e14e3.dir/build
make[1]: Entering directory '/home/jing/catkin_ws/build/eigen_catkin/CMakeFiles/CMakeTmp'
Building C object CMakeFiles/cmTC_e14e3.dir/CheckSymbolExists.c.o
/usr/bin/cc    -o CMakeFiles/cmTC_e14e3.dir/CheckSymbolExists.c.o   -c /home/jing/catkin_ws/build/eigen_catkin/CMakeFiles/CMakeTmp/CheckSymbolExists.c
Linking C executable cmTC_e14e3
/opt/cmake-3.10.0-Linux-x86_64/bin/cmake -E cmake_link_script CMakeFiles/cmTC_e14e3.dir/link.txt --verbose=1
/usr/bin/cc      -rdynamic CMakeFiles/cmTC_e14e3.dir/CheckSymbolExists.c.o  -o cmTC_e14e3 
CMakeFiles/cmTC_e14e3.dir/CheckSymbolExists.c.o: In function `main':
CheckSymbolExists.c:(.text+0x16): undefined reference to `pthread_create'
collect2: error: ld returned 1 exit status
CMakeFiles/cmTC_e14e3.dir/build.make:97: recipe for target 'cmTC_e14e3' failed
make[1]: *** [cmTC_e14e3] Error 1
make[1]: Leaving directory '/home/jing/catkin_ws/build/eigen_catkin/CMakeFiles/CMakeTmp'
Makefile:126: recipe for target 'cmTC_e14e3/fast' failed
make: *** [cmTC_e14e3/fast] Error 2

File /home/jing/catkin_ws/build/eigen_catkin/CMakeFiles/CMakeTmp/CheckSymbolExists.c:
/* */
#include <pthread.h>

int main(int argc, char** argv)
{
  (void)argv;
#ifndef pthread_create
  return ((int*)(&pthread_create))[argc];
#else
  (void)argc;
  return 0;
#endif
}

Determining if the function pthread_create exists in the pthreads failed with the following output:
Change Dir: /home/jing/catkin_ws/build/eigen_catkin/CMakeFiles/CMakeTmp

Run Build Command:"/usr/bin/make" "cmTC_8c6f1/fast"
/usr/bin/make -f CMakeFiles/cmTC_8c6f1.dir/build.make CMakeFiles/cmTC_8c6f1.dir/build
make[1]: Entering directory '/home/jing/catkin_ws/build/eigen_catkin/CMakeFiles/CMakeTmp'
Building C object CMakeFiles/cmTC_8c6f1.dir/CheckFunctionExists.c.o
/usr/bin/cc   -DCHECK_FUNCTION_EXISTS=pthread_create   -o CMakeFiles/cmTC_8c6f1.dir/CheckFunctionExists.c.o   -c /opt/cmake-3.10.0-Linux-x86_64/share/cmake-3.10/Modules/CheckFunctionExists.c
Linking C executable cmTC_8c6f1
/opt/cmake-3.10.0-Linux-x86_64/bin/cmake -E cmake_link_script CMakeFiles/cmTC_8c6f1.dir/link.txt --verbose=1
/usr/bin/cc  -DCHECK_FUNCTION_EXISTS=pthread_create    -rdynamic CMakeFiles/cmTC_8c6f1.dir/CheckFunctionExists.c.o  -o cmTC_8c6f1 -lpthreads 
/usr/bin/ld: cannot find -lpthreads
collect2: error: ld returned 1 exit status
CMakeFiles/cmTC_8c6f1.dir/build.make:97: recipe for target 'cmTC_8c6f1' failed
make[1]: *** [cmTC_8c6f1] Error 1
make[1]: Leaving directory '/home/jing/catkin_ws/build/eigen_catkin/CMakeFiles/CMakeTmp'
Makefile:126: recipe for target 'cmTC_8c6f1/fast' failed
make: *** [cmTC_8c6f1/fast] Error 2


