[35m[1mScanning dependencies of target nodelet_generate_messages_eus[0m
[35m[1mScanning dependencies of target dvxplorer_ros_driver_gencfg[0m
[35m[1mScanning dependencies of target bond_generate_messages_lisp[0m
[35m[1mScanning dependencies of target dynamic_reconfigure_generate_messages_py[0m
[35m[1mScanning dependencies of target roscpp_generate_messages_py[0m
[35m[1mScanning dependencies of target rosgraph_msgs_generate_messages_nodejs[0m
[35m[1mScanning dependencies of target rosgraph_msgs_generate_messages_cpp[0m
[35m[1mScanning dependencies of target geometry_msgs_generate_messages_lisp[0m
[35m[1mScanning dependencies of target std_msgs_generate_messages_lisp[0m
[35m[1mScanning dependencies of target bond_generate_messages_py[0m
[35m[1mScanning dependencies of target bond_generate_messages_eus[0m
[35m[1mScanning dependencies of target nodelet_generate_messages_lisp[0m
[35m[1mScanning dependencies of target roscpp_generate_messages_eus[0m
[35m[1mScanning dependencies of target dynamic_reconfigure_generate_messages_cpp[0m
[35m[1mScanning dependencies of target dynamic_reconfigure_generate_messages_nodejs[0m
[35m[1mScanning dependencies of target nodelet_generate_messages_cpp[0m
[  0%] Built target nodelet_generate_messages_eus
[ 14%] [34m[1mGenerating dynamic reconfigure files from cfg/DVXplorer_ROS_Driver.cfg: /home/jing/catkin_ws/devel/include/dvxplorer_ros_driver/DVXplorer_ROS_DriverConfig.h /home/jing/catkin_ws/devel/lib/python2.7/dist-packages/dvxplorer_ros_driver/cfg/DVXplorer_ROS_DriverConfig.py[0m
[ 14%] Built target bond_generate_messages_lisp
[ 14%] Built target dynamic_reconfigure_generate_messages_py
[ 14%] Built target rosgraph_msgs_generate_messages_cpp
[ 14%] Built target roscpp_generate_messages_py
[ 14%] Built target std_msgs_generate_messages_lisp
[ 14%] Built target geometry_msgs_generate_messages_lisp
[ 14%] Built target bond_generate_messages_py
[ 14%] Built target rosgraph_msgs_generate_messages_nodejs
[ 14%] Built target nodelet_generate_messages_lisp
[ 14%] Built target bond_generate_messages_eus
[ 14%] Built target dynamic_reconfigure_generate_messages_nodejs
[ 14%] Built target nodelet_generate_messages_cpp
[ 14%] Built target roscpp_generate_messages_eus
[ 14%] Built target dynamic_reconfigure_generate_messages_cpp
[35m[1mScanning dependencies of target geometry_msgs_generate_messages_nodejs[0m
[35m[1mScanning dependencies of target roscpp_generate_messages_cpp[0m
[35m[1mScanning dependencies of target nodelet_generate_messages_py[0m
[35m[1mScanning dependencies of target dvs_msgs_generate_messages_cpp[0m
[35m[1mScanning dependencies of target dvs_msgs_generate_messages_eus[0m
[35m[1mScanning dependencies of target geometry_msgs_generate_messages_eus[0m
[35m[1mScanning dependencies of target rosgraph_msgs_generate_messages_eus[0m
[35m[1mScanning dependencies of target dynamic_reconfigure_gencfg[0m
[35m[1mScanning dependencies of target dvs_msgs_generate_messages_nodejs[0m
[35m[1mScanning dependencies of target nodelet_generate_messages_nodejs[0m
[35m[1mScanning dependencies of target bond_generate_messages_cpp[0m
[35m[1mScanning dependencies of target dvs_msgs_generate_messages_lisp[0m
[35m[1mScanning dependencies of target roscpp_generate_messages_lisp[0m
[35m[1mScanning dependencies of target std_msgs_generate_messages_eus[0m
[35m[1mScanning dependencies of target dynamic_reconfigure_generate_messages_lisp[0m
[ 14%] Built target roscpp_generate_messages_cpp
[ 14%] Built target nodelet_generate_messages_py
[ 14%] Built target geometry_msgs_generate_messages_nodejs
[ 14%] Built target dvs_msgs_generate_messages_cpp
[ 14%] Built target dvs_msgs_generate_messages_eus
[ 14%] Built target geometry_msgs_generate_messages_eus
[ 14%] Built target dynamic_reconfigure_gencfg
[ 14%] Built target rosgraph_msgs_generate_messages_eus
[ 14%] Built target dvs_msgs_generate_messages_nodejs
[ 14%] Built target nodelet_generate_messages_nodejs
[ 14%] Built target bond_generate_messages_cpp
[ 14%] Built target dvs_msgs_generate_messages_lisp
[ 14%] Built target roscpp_generate_messages_lisp
[ 14%] Built target std_msgs_generate_messages_eus
[ 14%] Built target dynamic_reconfigure_generate_messages_lisp
[35m[1mScanning dependencies of target rosgraph_msgs_generate_messages_py[0m
[35m[1mScanning dependencies of target std_msgs_generate_messages_py[0m
[35m[1mScanning dependencies of target rosgraph_msgs_generate_messages_lisp[0m
[35m[1mScanning dependencies of target roscpp_generate_messages_nodejs[0m
[35m[1mScanning dependencies of target sensor_msgs_generate_messages_cpp[0m
[35m[1mScanning dependencies of target sensor_msgs_generate_messages_lisp[0m
[35m[1mScanning dependencies of target std_msgs_generate_messages_cpp[0m
[35m[1mScanning dependencies of target sensor_msgs_generate_messages_eus[0m
[35m[1mScanning dependencies of target std_msgs_generate_messages_nodejs[0m
[35m[1mScanning dependencies of target dvs_msgs_generate_messages_py[0m
[35m[1mScanning dependencies of target geometry_msgs_generate_messages_cpp[0m
[35m[1mScanning dependencies of target sensor_msgs_generate_messages_py[0m
[35m[1mScanning dependencies of target dynamic_reconfigure_generate_messages_eus[0m
[35m[1mScanning dependencies of target geometry_msgs_generate_messages_py[0m
[35m[1mScanning dependencies of target sensor_msgs_generate_messages_nodejs[0m
[ 14%] Built target rosgraph_msgs_generate_messages_py
[ 14%] Built target rosgraph_msgs_generate_messages_lisp
[ 14%] Built target std_msgs_generate_messages_py
[ 14%] Built target roscpp_generate_messages_nodejs
[ 14%] Built target sensor_msgs_generate_messages_lisp
[ 14%] Built target sensor_msgs_generate_messages_cpp
[ 14%] Built target std_msgs_generate_messages_cpp
[ 14%] Built target std_msgs_generate_messages_nodejs
[ 14%] Built target dvs_msgs_generate_messages_py
[ 14%] Built target sensor_msgs_generate_messages_eus
[ 14%] Built target geometry_msgs_generate_messages_cpp
[ 14%] Built target sensor_msgs_generate_messages_py
[ 14%] Built target sensor_msgs_generate_messages_nodejs
[ 14%] Built target dynamic_reconfigure_generate_messages_eus
[ 14%] Built target geometry_msgs_generate_messages_py
[35m[1mScanning dependencies of target bond_generate_messages_nodejs[0m
[ 14%] Built target bond_generate_messages_nodejs
Traceback (most recent call last):
  File "/home/jing/catkin_ws/src/rpg_dvs_ros/dvxplorer_ros_driver/cfg/DVXplorer_ROS_Driver.cfg", line 4, in <module>
    from dynamic_reconfigure.parameter_generator_catkin import *
  File "/opt/ros/kinetic/lib/python2.7/dist-packages/dynamic_reconfigure/__init__.py", line 38, in <module>
    import roslib
  File "/opt/ros/kinetic/lib/python2.7/dist-packages/roslib/__init__.py", line 50, in <module>
    from roslib.launcher import load_manifest
  File "/opt/ros/kinetic/lib/python2.7/dist-packages/roslib/launcher.py", line 42, in <module>
    import rospkg
ImportError: No module named 'rospkg'
CMakeFiles/dvxplorer_ros_driver_gencfg.dir/build.make:63: recipe for target '/home/jing/catkin_ws/devel/include/dvxplorer_ros_driver/DVXplorer_ROS_DriverConfig.h' failed
make[2]: *** [/home/jing/catkin_ws/devel/include/dvxplorer_ros_driver/DVXplorer_ROS_DriverConfig.h] Error 1
CMakeFiles/Makefile2:150: recipe for target 'CMakeFiles/dvxplorer_ros_driver_gencfg.dir/all' failed
make[1]: *** [CMakeFiles/dvxplorer_ros_driver_gencfg.dir/all] Error 2
Makefile:140: recipe for target 'all' failed
make: *** [all] Error 2
