Determining if the pthread_create exist failed with the following output:
Change Dir: /home/jing/catkin_ws/build/catkin_simple/CMakeFiles/CMakeTmp

Run Build Command:"/usr/bin/make" "cmTC_fb64d/fast"
/usr/bin/make -f CMakeFiles/cmTC_fb64d.dir/build.make CMakeFiles/cmTC_fb64d.dir/build
make[1]: Entering directory '/home/jing/catkin_ws/build/catkin_simple/CMakeFiles/CMakeTmp'
Building C object CMakeFiles/cmTC_fb64d.dir/CheckSymbolExists.c.o
/usr/bin/cc    -o CMakeFiles/cmTC_fb64d.dir/CheckSymbolExists.c.o   -c /home/jing/catkin_ws/build/catkin_simple/CMakeFiles/CMakeTmp/CheckSymbolExists.c
Linking C executable cmTC_fb64d
/opt/cmake-3.10.0-Linux-x86_64/bin/cmake -E cmake_link_script CMakeFiles/cmTC_fb64d.dir/link.txt --verbose=1
/usr/bin/cc      -rdynamic CMakeFiles/cmTC_fb64d.dir/CheckSymbolExists.c.o  -o cmTC_fb64d 
CMakeFiles/cmTC_fb64d.dir/CheckSymbolExists.c.o: In function `main':
CheckSymbolExists.c:(.text+0x16): undefined reference to `pthread_create'
collect2: error: ld returned 1 exit status
CMakeFiles/cmTC_fb64d.dir/build.make:97: recipe for target 'cmTC_fb64d' failed
make[1]: *** [cmTC_fb64d] Error 1
make[1]: Leaving directory '/home/jing/catkin_ws/build/catkin_simple/CMakeFiles/CMakeTmp'
Makefile:126: recipe for target 'cmTC_fb64d/fast' failed
make: *** [cmTC_fb64d/fast] Error 2

File /home/jing/catkin_ws/build/catkin_simple/CMakeFiles/CMakeTmp/CheckSymbolExists.c:
/* */
#include <pthread.h>

int main(int argc, char** argv)
{
  (void)argv;
#ifndef pthread_create
  return ((int*)(&pthread_create))[argc];
#else
  (void)argc;
  return 0;
#endif
}

Determining if the function pthread_create exists in the pthreads failed with the following output:
Change Dir: /home/jing/catkin_ws/build/catkin_simple/CMakeFiles/CMakeTmp

Run Build Command:"/usr/bin/make" "cmTC_0ddeb/fast"
/usr/bin/make -f CMakeFiles/cmTC_0ddeb.dir/build.make CMakeFiles/cmTC_0ddeb.dir/build
make[1]: Entering directory '/home/jing/catkin_ws/build/catkin_simple/CMakeFiles/CMakeTmp'
Building C object CMakeFiles/cmTC_0ddeb.dir/CheckFunctionExists.c.o
/usr/bin/cc   -DCHECK_FUNCTION_EXISTS=pthread_create   -o CMakeFiles/cmTC_0ddeb.dir/CheckFunctionExists.c.o   -c /opt/cmake-3.10.0-Linux-x86_64/share/cmake-3.10/Modules/CheckFunctionExists.c
Linking C executable cmTC_0ddeb
/opt/cmake-3.10.0-Linux-x86_64/bin/cmake -E cmake_link_script CMakeFiles/cmTC_0ddeb.dir/link.txt --verbose=1
/usr/bin/cc  -DCHECK_FUNCTION_EXISTS=pthread_create    -rdynamic CMakeFiles/cmTC_0ddeb.dir/CheckFunctionExists.c.o  -o cmTC_0ddeb -lpthreads 
/usr/bin/ld: cannot find -lpthreads
collect2: error: ld returned 1 exit status
CMakeFiles/cmTC_0ddeb.dir/build.make:97: recipe for target 'cmTC_0ddeb' failed
make[1]: *** [cmTC_0ddeb] Error 1
make[1]: Leaving directory '/home/jing/catkin_ws/build/catkin_simple/CMakeFiles/CMakeTmp'
Makefile:126: recipe for target 'cmTC_0ddeb/fast' failed
make: *** [cmTC_0ddeb/fast] Error 2


